<?xml version="1.0" encoding="UTF-8"?>
<!-- Generated by org.testng.reporters.JUnitReportReporter -->
<testsuite hostname="DESKTOP-IH4C39S" name="practice.SampleTest1" tests="1" failures="0" timestamp="20 Jul 2022 06:04:08 GMT" time="0.026" errors="0">
  <testcase name="createContact" time="0.026" classname="practice.SampleTest1"/>
</testsuite>
